<?xml version="1.0" encoding="UTF-8" standalone="no"?>
<!DOCTYPE log SYSTEM "logger.dtd">
<log>
<record>
  <date>2017-11-01T16:11:06.377-0300</date>
  <logger>VINICIUS JORGE PEREIRA DA SILVA</logger>
  <level>FINE</level>
  <message>File 116210568-VINICIUS JORGE PEREIRA DA SILVA.zip was received. It was sent by VINICIUS JORGE PEREIRA DA SILVA from IP 150.165.42.196</message>
</record>
</log>
<?xml version="1.0" encoding="UTF-8" standalone="no"?>
<!DOCTYPE log SYSTEM "logger.dtd">
<log>
<record>
  <date>2017-11-01T17:44:57.283-0300</date>
  <logger>VINICIUS JORGE PEREIRA DA SILVA</logger>
  <level>FINE</level>
  <message>File 116210568-VINICIUS JORGE PEREIRA DA SILVA.zip was received. It was sent by VINICIUS JORGE PEREIRA DA SILVA from IP 150.165.42.196</message>
</record>
</log>
<?xml version="1.0" encoding="UTF-8" standalone="no"?>
<!DOCTYPE log SYSTEM "logger.dtd">
<log>
<record>
  <date>2017-11-01T20:45:09.553-0300</date>
  <logger>VINICIUS JORGE PEREIRA DA SILVA</logger>
  <level>FINE</level>
  <message>File 116210568-VINICIUS JORGE PEREIRA DA SILVA.zip was received. It was sent by VINICIUS JORGE PEREIRA DA SILVA from IP 192.168.2.3</message>
</record>
