<?xml version="1.0" encoding="UTF-8" standalone="no"?>
<!DOCTYPE log SYSTEM "logger.dtd">
<log>
<record>
  <date>2018-02-07T16:09:49.147-0300</date>
  <logger>VINICIUS JORGE PEREIRA DA SILVA</logger>
  <level>FINE</level>
  <message>File 116210568-VINICIUS JORGE PEREIRA DA SILVA.zip was received. It was sent by VINICIUS JORGE PEREIRA DA SILVA from IP 192.168.2.3</message>
</record>
</log>
<?xml version="1.0" encoding="UTF-8" standalone="no"?>
<!DOCTYPE log SYSTEM "logger.dtd">
<log>
<record>
  <date>2018-02-07T20:17:28.418-0300</date>
  <logger>VINICIUS JORGE PEREIRA DA SILVA</logger>
  <level>FINE</level>
  <message>File 116210568-VINICIUS JORGE PEREIRA DA SILVA.zip was received. It was sent by VINICIUS JORGE PEREIRA DA SILVA from IP 192.168.2.3</message>
</record>
</log>
<?xml version="1.0" encoding="UTF-8" standalone="no"?>
<!DOCTYPE log SYSTEM "logger.dtd">
<log>
<record>
  <date>2018-02-07T20:39:04.545-0300</date>
  <logger>VINICIUS JORGE PEREIRA DA SILVA</logger>
  <level>FINE</level>
  <message>File 116210568-VINICIUS JORGE PEREIRA DA SILVA.zip was received. It was sent by VINICIUS JORGE PEREIRA DA SILVA from IP 192.168.2.3</message>
</record>
</log>
<?xml version="1.0" encoding="UTF-8" standalone="no"?>
<!DOCTYPE log SYSTEM "logger.dtd">
<log>
<record>
  <date>2018-02-07T20:53:44.615-0300</date>
  <logger>VINICIUS JORGE PEREIRA DA SILVA</logger>
  <level>FINE</level>
  <message>File 116210568-VINICIUS JORGE PEREIRA DA SILVA.zip was received. It was sent by VINICIUS JORGE PEREIRA DA SILVA from IP 192.168.2.3</message>
</record>
</log>
<?xml version="1.0" encoding="UTF-8" standalone="no"?>
<!DOCTYPE log SYSTEM "logger.dtd">
<log>
<record>
  <date>2018-02-07T21:04:11.294-0300</date>
  <logger>VINICIUS JORGE PEREIRA DA SILVA</logger>
  <level>FINE</level>
  <message>File 116210568-VINICIUS JORGE PEREIRA DA SILVA.zip was received. It was sent by VINICIUS JORGE PEREIRA DA SILVA from IP 192.168.2.3</message>
</record>
