<?xml version="1.0" encoding="UTF-8" standalone="no"?>
<!DOCTYPE log SYSTEM "logger.dtd">
<log>
<record>
  <date>2018-02-19T14:12:00.201-0300</date>
  <logger>VINICIUS JORGE PEREIRA DA SILVA</logger>
  <level>FINE</level>
  <message>File 116210568-VINICIUS JORGE PEREIRA DA SILVA.zip was received. It was sent by VINICIUS JORGE PEREIRA DA SILVA from IP 192.168.2.6</message>
</record>
</log>
<?xml version="1.0" encoding="UTF-8" standalone="no"?>
<!DOCTYPE log SYSTEM "logger.dtd">
<log>
<record>
  <date>2018-02-19T15:25:55.910-0300</date>
  <logger>VINICIUS JORGE PEREIRA DA SILVA</logger>
  <level>FINE</level>
  <message>File 116210568-VINICIUS JORGE PEREIRA DA SILVA.zip was received. It was sent by VINICIUS JORGE PEREIRA DA SILVA from IP 192.168.2.6</message>
</record>
</log>
<?xml version="1.0" encoding="UTF-8" standalone="no"?>
<!DOCTYPE log SYSTEM "logger.dtd">
<log>
<record>
  <date>2018-02-19T21:00:47.922-0300</date>
  <logger>VINICIUS JORGE PEREIRA DA SILVA</logger>
  <level>FINE</level>
  <message>File 116210568-VINICIUS JORGE PEREIRA DA SILVA.zip was received. It was sent by VINICIUS JORGE PEREIRA DA SILVA from IP 192.168.2.6</message>
</record>
