<?xml version="1.0" encoding="UTF-8" standalone="no"?>
<!DOCTYPE log SYSTEM "logger.dtd">
<log>
<record>
  <date>2018-02-21T16:08:09.810-0300</date>
  <logger>VINICIUS JORGE PEREIRA DA SILVA</logger>
  <level>FINE</level>
  <message>File 116210568-VINICIUS JORGE PEREIRA DA SILVA.zip was received. It was sent by VINICIUS JORGE PEREIRA DA SILVA from IP 192.168.2.6</message>
</record>
</log>
<?xml version="1.0" encoding="UTF-8" standalone="no"?>
<!DOCTYPE log SYSTEM "logger.dtd">
<log>
<record>
  <date>2018-02-21T21:47:07.561-0300</date>
  <logger>VINICIUS JORGE PEREIRA DA SILVA</logger>
  <level>FINE</level>
  <message>File 116210568-VINICIUS JORGE PEREIRA DA SILVA.zip was received. It was sent by VINICIUS JORGE PEREIRA DA SILVA from IP 192.168.2.6</message>
</record>
</log>
<?xml version="1.0" encoding="UTF-8" standalone="no"?>
<!DOCTYPE log SYSTEM "logger.dtd">
<log>
<record>
  <date>2018-02-22T15:34:58.389-0300</date>
  <logger>VINICIUS JORGE PEREIRA DA SILVA</logger>
  <level>FINE</level>
  <message>File 116210568-VINICIUS JORGE PEREIRA DA SILVA.zip was received. It was sent by VINICIUS JORGE PEREIRA DA SILVA from IP 150.165.54.123</message>
</record>
</log>
<?xml version="1.0" encoding="UTF-8" standalone="no"?>
<!DOCTYPE log SYSTEM "logger.dtd">
<log>
<record>
  <date>2018-02-22T15:37:16.916-0300</date>
  <logger>VINICIUS JORGE PEREIRA DA SILVA</logger>
  <level>FINE</level>
  <message>File 116210568-VINICIUS JORGE PEREIRA DA SILVA.zip was received. It was sent by VINICIUS JORGE PEREIRA DA SILVA from IP 150.165.54.123</message>
</record>
